c:\users\pckno\onedrive\css343\program4\project4\project4\debug\vc142.pdb
c:\users\pckno\onedrive\css343\program4\project4\project4\debug\vc142.idb
c:\users\pckno\onedrive\css343\program4\project4\project4\debug\movie.obj
c:\users\pckno\onedrive\css343\program4\project4\project4\debug\comedy.obj
c:\users\pckno\onedrive\css343\program4\project4\project4\debug\classic.obj
c:\users\pckno\onedrive\css343\program4\project4\project4\debug\drama.obj
c:\users\pckno\onedrive\css343\program4\project4\project4\debug\customer.obj
c:\users\pckno\onedrive\css343\program4\project4\project4\debug\manager.obj
c:\users\pckno\onedrive\css343\program4\project4\project4\debug\driver.obj
c:\users\pckno\onedrive\css343\program4\project4\project4\debug\command.obj
c:\users\pckno\onedrive\css343\program4\project4\project4\debug\borrow.obj
c:\users\pckno\onedrive\css343\program4\project4\debug\project4.exe
c:\users\pckno\onedrive\css343\program4\project4\debug\project4.ilk
c:\users\pckno\onedrive\css343\program4\project4\debug\project4.pdb
c:\users\pckno\onedrive\css343\program4\project4\project4\debug\project4.tlog\cl.command.1.tlog
c:\users\pckno\onedrive\css343\program4\project4\project4\debug\project4.tlog\cl.read.1.tlog
c:\users\pckno\onedrive\css343\program4\project4\project4\debug\project4.tlog\cl.write.1.tlog
c:\users\pckno\onedrive\css343\program4\project4\project4\debug\project4.tlog\link.command.1.tlog
c:\users\pckno\onedrive\css343\program4\project4\project4\debug\project4.tlog\link.read.1.tlog
c:\users\pckno\onedrive\css343\program4\project4\project4\debug\project4.tlog\link.write.1.tlog
